[01m[K/home/amov/catkin_ws/src/A/src/A.cpp:[m[K In function â€˜[01m[Kint main(int, char**)[m[Kâ€™:
[01m[K/home/amov/catkin_ws/src/A/src/A.cpp:166:28:[m[K [01;31m[Kerror: [m[Kâ€˜[01m[Kmavros_msgs::ActuatorControl {aka struct mavros_msgs::ActuatorControl_<std::allocator<void> >}[m[Kâ€™ has no member named â€˜[01m[Kcontrol[m[Kâ€™; did you mean â€˜[01m[Kcontrols[m[Kâ€™?
         target_act_control.[01;31m[Kcontrol[m[K[4] = 1.0;
                            [01;31m[K^~~~~~~[m[K
                            [32m[Kcontrols[m[K
[01m[K/home/amov/catkin_ws/src/A/src/A.cpp:167:22:[m[K [01;31m[Kerror: [m[Kâ€˜[01m[Kmavros_msgs::ActuatorControl {aka struct mavros_msgs::ActuatorControl_<std::allocator<void> >}[m[Kâ€™ has no member named â€˜[01m[Kcontrol[m[Kâ€™; did you mean â€˜[01m[Kcontrols[m[Kâ€™?
   target_act_control.[01;31m[Kcontrol[m[K[3] = 1.0;
                      [01;31m[K^~~~~~~[m[K
                      [32m[Kcontrols[m[K
[01m[K/home/amov/catkin_ws/src/A/src/A.cpp:168:22:[m[K [01;31m[Kerror: [m[Kâ€˜[01m[Kmavros_msgs::ActuatorControl {aka struct mavros_msgs::ActuatorControl_<std::allocator<void> >}[m[Kâ€™ has no member named â€˜[01m[Kcontrol[m[Kâ€™; did you mean â€˜[01m[Kcontrols[m[Kâ€™?
   target_act_control.[01;31m[Kcontrol[m[K[0] = 0.5;
                      [01;31m[K^~~~~~~[m[K
                      [32m[Kcontrols[m[K
make[2]: *** [CMakeFiles/A.dir/src/A.cpp.o] Error 1
make[1]: *** [CMakeFiles/A.dir/all] Error 2
make: *** [all] Error 2
