[01m[K/home/amov/catkin_ws/src/A/src/A.cpp:[m[K In function â€˜[01m[Kvoid act_control_cb(const ActuatorControl&)[m[Kâ€™:
[01m[K/home/amov/catkin_ws/src/A/src/A.cpp:34:27:[m[K [01;31m[Kerror: [m[Kno match for â€˜[01m[Koperator*[m[Kâ€™ (operand type is â€˜[01m[Kconst ActuatorControl {aka const mavros_msgs::ActuatorControl_<std::allocator<void> >}[m[Kâ€™)
     current_act_control = [01;31m[K*msg[m[K;
                           [01;31m[K^~~~[m[K
In file included from [01m[K/usr/include/boost/config/no_tr1/complex.hpp:21:0[m[K,
                 from [01m[K/usr/include/boost/math/policies/error_handling.hpp:17[m[K,
                 from [01m[K/usr/include/boost/math/special_functions/round.hpp:14[m[K,
                 from [01m[K/opt/ros/melodic/include/ros/time.h:58[m[K,
                 from [01m[K/opt/ros/melodic/include/ros/ros.h:38[m[K,
                 from [01m[K/home/amov/catkin_ws/src/A/src/A.cpp:1[m[K:
[01m[K/usr/include/c++/7/complex:404:5:[m[K [01;36m[Knote: [m[Kcandidate: template<class _Tp> std::complex<_Tp> std::operator*(const _Tp&, const std::complex<_Tp>&)
     [01;36m[Koperator[m[K*(const _Tp& __x, const complex<_Tp>& __y)
     [01;36m[K^~~~~~~~[m[K
[01m[K/usr/include/c++/7/complex:404:5:[m[K [01;36m[Knote: [m[K  template argument deduction/substitution failed:
[01m[K/home/amov/catkin_ws/src/A/src/A.cpp:34:28:[m[K [01;36m[Knote: [m[K  candidate expects 2 arguments, 1 provided
     current_act_control = *[01;36m[Kmsg[m[K;
                            [01;36m[K^~~[m[K
In file included from [01m[K/usr/include/boost/config/no_tr1/complex.hpp:21:0[m[K,
                 from [01m[K/usr/include/boost/math/policies/error_handling.hpp:17[m[K,
                 from [01m[K/usr/include/boost/math/special_functions/round.hpp:14[m[K,
                 from [01m[K/opt/ros/melodic/include/ros/time.h:58[m[K,
                 from [01m[K/opt/ros/melodic/include/ros/ros.h:38[m[K,
                 from [01m[K/home/amov/catkin_ws/src/A/src/A.cpp:1[m[K:
[01m[K/usr/include/c++/7/complex:395:5:[m[K [01;36m[Knote: [m[Kcandidate: template<class _Tp> std::complex<_Tp> std::operator*(const std::complex<_Tp>&, const _Tp&)
     [01;36m[Koperator[m[K*(const complex<_Tp>& __x, const _Tp& __y)
     [01;36m[K^~~~~~~~[m[K
[01m[K/usr/include/c++/7/complex:395:5:[m[K [01;36m[Knote: [m[K  template argument deduction/substitution failed:
[01m[K/home/amov/catkin_ws/src/A/src/A.cpp:34:28:[m[K [01;36m[Knote: [m[K  â€˜[01m[Kconst ActuatorControl {aka const mavros_msgs::ActuatorControl_<std::allocator<void> >}[m[Kâ€™ is not derived from â€˜[01m[Kconst std::complex<_Tp>[m[Kâ€™
     current_act_control = *[01;36m[Kmsg[m[K;
                            [01;36m[K^~~[m[K
In file included from [01m[K/usr/include/boost/config/no_tr1/complex.hpp:21:0[m[K,
                 from [01m[K/usr/include/boost/math/policies/error_handling.hpp:17[m[K,
                 from [01m[K/usr/include/boost/math/special_functions/round.hpp:14[m[K,
                 from [01m[K/opt/ros/melodic/include/ros/time.h:58[m[K,
                 from [01m[K/opt/ros/melodic/include/ros/ros.h:38[m[K,
                 from [01m[K/home/amov/catkin_ws/src/A/src/A.cpp:1[m[K:
[01m[K/usr/include/c++/7/complex:386:5:[m[K [01;36m[Knote: [m[Kcandidate: template<class _Tp> std::complex<_Tp> std::operator*(const std::complex<_Tp>&, const std::complex<_Tp>&)
     [01;36m[Koperator[m[K*(const complex<_Tp>& __x, const complex<_Tp>& __y)
     [01;36m[K^~~~~~~~[m[K
[01m[K/usr/include/c++/7/complex:386:5:[m[K [01;36m[Knote: [m[K  template argument deduction/substitution failed:
[01m[K/home/amov/catkin_ws/src/A/src/A.cpp:34:28:[m[K [01;36m[Knote: [m[K  â€˜[01m[Kconst ActuatorControl {aka const mavros_msgs::ActuatorControl_<std::allocator<void> >}[m[Kâ€™ is not derived from â€˜[01m[Kconst std::complex<_Tp>[m[Kâ€™
     current_act_control = *[01;36m[Kmsg[m[K;
                            [01;36m[K^~~[m[K
[01m[K/home/amov/catkin_ws/src/A/src/A.cpp:[m[K In function â€˜[01m[Kint main(int, char**)[m[Kâ€™:
[01m[K/home/amov/catkin_ws/src/A/src/A.cpp:62:41:[m[K [01;31m[Kerror: [m[Kâ€˜[01m[Kclass ros::NodeHandle[m[Kâ€™ has no member named â€˜[01m[Kpublisher[m[Kâ€™
     ros::Publisher act_control_pub = nh.[01;31m[Kpublisher[m[K("/mavros/actuator_control", 10);
                                         [01;31m[K^~~~~~~~~[m[K
[01m[K/home/amov/catkin_ws/src/A/src/A.cpp:69:24:[m[K [01;31m[Kerror: [m[Kâ€˜[01m[Kr[m[Kâ€™ was not declared in this scope
  pose.pose.position.y =[01;31m[Kr[m[K-120.000;
                        [01;31m[K^[m[K
[01m[K/home/amov/catkin_ws/src/A/src/A.cpp:164:3:[m[K [01;31m[Kerror: [m[Kâ€˜[01m[Karget_act_control[m[Kâ€™ was not declared in this scope
   [01;31m[Karget_act_control[m[K = current_act_control;
   [01;31m[K^~~~~~~~~~~~~~~~~[m[K
[01m[K/home/amov/catkin_ws/src/A/src/A.cpp:164:3:[m[K [01;36m[Knote: [m[Ksuggested alternative: â€˜[01m[Ktarget_act_control[m[Kâ€™
   [01;36m[Karget_act_control[m[K = current_act_control;
   [01;36m[K^~~~~~~~~~~~~~~~~[m[K
   [32m[Ktarget_act_control[m[K
[01m[K/home/amov/catkin_ws/src/A/src/A.cpp:166:28:[m[K [01;31m[Kerror: [m[Kâ€˜[01m[Kmavros_msgs::ActuatorControl {aka struct mavros_msgs::ActuatorControl_<std::allocator<void> >}[m[Kâ€™ has no member named â€˜[01m[Kcontrol[m[Kâ€™; did you mean â€˜[01m[Kcontrols[m[Kâ€™?
         target_act_control.[01;31m[Kcontrol[m[K[4] = 1.0;
                            [01;31m[K^~~~~~~[m[K
                            [32m[Kcontrols[m[K
[01m[K/home/amov/catkin_ws/src/A/src/A.cpp:167:22:[m[K [01;31m[Kerror: [m[Kâ€˜[01m[Kmavros_msgs::ActuatorControl {aka struct mavros_msgs::ActuatorControl_<std::allocator<void> >}[m[Kâ€™ has no member named â€˜[01m[Kcontrol[m[Kâ€™; did you mean â€˜[01m[Kcontrols[m[Kâ€™?
   target_act_control.[01;31m[Kcontrol[m[K[3] = 1.0;
                      [01;31m[K^~~~~~~[m[K
                      [32m[Kcontrols[m[K
[01m[K/home/amov/catkin_ws/src/A/src/A.cpp:168:22:[m[K [01;31m[Kerror: [m[Kâ€˜[01m[Kmavros_msgs::ActuatorControl {aka struct mavros_msgs::ActuatorControl_<std::allocator<void> >}[m[Kâ€™ has no member named â€˜[01m[Kcontrol[m[Kâ€™; did you mean â€˜[01m[Kcontrols[m[Kâ€™?
   target_act_control.[01;31m[Kcontrol[m[K[0] = 0.5;
                      [01;31m[K^~~~~~~[m[K
                      [32m[Kcontrols[m[K
make[2]: *** [CMakeFiles/A.dir/src/A.cpp.o] Error 1
make[1]: *** [CMakeFiles/A.dir/all] Error 2
make: *** [all] Error 2
