[01m[K/home/amov/catkin_ws/src/mission_bombing/src/mission_bombing.cpp:[m[K In function â€˜[01m[Kint main(int, char**)[m[Kâ€™:
[01m[K/home/amov/catkin_ws/src/mission_bombing/src/mission_bombing.cpp:943:56:[m[K [01;31m[Kerror: [m[Kâ€˜[01m[KThrust[m[Kâ€™ is not a member of â€˜[01m[Kmavros_msgs[m[Kâ€™
  ros::Publisher thrust_pub = nh.advertise<mavros_msgs::[01;31m[KThrust[m[K>("/mavros/setpoint_attitude/thrust", 10);
                                                        [01;31m[K^~~~~~[m[K
[01m[K/home/amov/catkin_ws/src/mission_bombing/src/mission_bombing.cpp:943:56:[m[K [01;31m[Kerror: [m[Kâ€˜[01m[KThrust[m[Kâ€™ is not a member of â€˜[01m[Kmavros_msgs[m[Kâ€™
[01m[K/home/amov/catkin_ws/src/mission_bombing/src/mission_bombing.cpp:943:102:[m[K [01;31m[Kerror: [m[Kno matching function for call to â€˜[01m[Kros::NodeHandle::advertise<<expression error> >(const char [33], int)[m[Kâ€™
  ros::Publisher thrust_pub = nh.advertise<mavros_msgs::Thrust>("/mavros/setpoint_attitude/thrust", 10[01;31m[K)[m[K;
                                                                                                      [01;31m[K^[m[K
In file included from [01m[K/opt/ros/melodic/include/ros/ros.h:45:0[m[K,
                 from [01m[K/home/amov/catkin_ws/src/mission_bombing/src/mission_bombing.cpp:792[m[K:
[01m[K/opt/ros/melodic/include/ros/node_handle.h:249:15:[m[K [01;36m[Knote: [m[Kcandidate: template<class M> ros::Publisher ros::NodeHandle::advertise(const string&, uint32_t, bool)
     Publisher [01;36m[Kadvertise[m[K(const std::string& topic, uint32_t queue_size, bool latch = false)
               [01;36m[K^~~~~~~~~[m[K
[01m[K/opt/ros/melodic/include/ros/node_handle.h:249:15:[m[K [01;36m[Knote: [m[K  template argument deduction/substitution failed:
[01m[K/home/amov/catkin_ws/src/mission_bombing/src/mission_bombing.cpp:943:102:[m[K [01;31m[Kerror: [m[Ktemplate argument 1 is invalid
  ros::Publisher thrust_pub = nh.advertise<mavros_msgs::Thrust>("/mavros/setpoint_attitude/thrust", 10[01;31m[K)[m[K;
                                                                                                      [01;31m[K^[m[K
In file included from [01m[K/opt/ros/melodic/include/ros/ros.h:45:0[m[K,
                 from [01m[K/home/amov/catkin_ws/src/mission_bombing/src/mission_bombing.cpp:792[m[K:
[01m[K/opt/ros/melodic/include/ros/node_handle.h:315:13:[m[K [01;36m[Knote: [m[Kcandidate: template<class M> ros::Publisher ros::NodeHandle::advertise(const string&, uint32_t, const SubscriberStatusCallback&, const SubscriberStatusCallback&, const VoidConstPtr&, bool)
   Publisher [01;36m[Kadvertise[m[K(const std::string& topic, uint32_t queue_size,
             [01;36m[K^~~~~~~~~[m[K
[01m[K/opt/ros/melodic/include/ros/node_handle.h:315:13:[m[K [01;36m[Knote: [m[K  template argument deduction/substitution failed:
[01m[K/home/amov/catkin_ws/src/mission_bombing/src/mission_bombing.cpp:943:102:[m[K [01;31m[Kerror: [m[Ktemplate argument 1 is invalid
  ros::Publisher thrust_pub = nh.advertise<mavros_msgs::Thrust>("/mavros/setpoint_attitude/thrust", 10[01;31m[K)[m[K;
                                                                                                      [01;31m[K^[m[K
make[2]: *** [CMakeFiles/mission_bombing.dir/src/mission_bombing.cpp.o] Error 1
make[1]: *** [CMakeFiles/mission_bombing.dir/all] Error 2
make: *** [all] Error 2
