[01m[K/home/amov/catkin_ws/src/mission_bombing/src/mission_bombing.cpp:[m[K In function â€˜[01m[Kint main(int, char**)[m[Kâ€™:
[01m[K/home/amov/catkin_ws/src/mission_bombing/src/mission_bombing.cpp:738:8:[m[K [01;31m[Kerror: [m[Kâ€˜[01m[Kclass ros::Publisher[m[Kâ€™ has no member named â€˜[01m[Kdata[m[Kâ€™
        [01;31m[Kdata[m[K<<"distance < 30\n";
        [01;31m[K^~~~[m[K
make[2]: *** [CMakeFiles/mission_bombing.dir/src/mission_bombing.cpp.o] Error 1
make[1]: *** [CMakeFiles/mission_bombing.dir/all] Error 2
make: *** [all] Error 2
